Probe apollo:
	Team: None
	Tournament: None
	Program:
		Stage Landing:
			Time 000 device D1 command PERIOD
			Time 214 device EG1 command TURNON
			Time 291 device EG1 command TURNOFF
		Stage Surface activity:
			Time 000 device D1 command PERIOD

Flight telemetry:
Ti=00:00:10 H=049920.9 Vy=-0015.5 Ac=001.5 Ae=000.0
Ti=00:00:20 H=049691.3 Vy=-0030.7 Ac=001.5 Ae=000.0
Ti=00:00:30 H=049306.6 Vy=-0046.1 Ac=001.5 Ae=000.0
Ti=00:00:40 H=048768.2 Vy=-0061.4 Ac=001.5 Ae=000.0
Ti=00:00:50 H=048076.1 Vy=-0076.8 Ac=001.5 Ae=000.0
Ti=00:01:00 H=047230.0 Vy=-0092.2 Ac=001.5 Ae=000.0
Ti=00:01:10 H=046230.0 Vy=-0107.6 Ac=001.5 Ae=000.0
Ti=00:01:20 H=045063.4 Vy=-0123.2 Ac=001.5 Ae=000.0
Ti=00:01:30 H=043753.2 Vy=-0138.7 Ac=001.5 Ae=000.0
Ti=00:01:40 H=042288.3 Vy=-0154.1 Ac=001.5 Ae=000.0
Ti=00:01:50 H=040668.6 Vy=-0169.7 Ac=001.6 Ae=000.0
Ti=00:02:00 H=038893.6 Vy=-0185.2 Ac=001.6 Ae=000.0
Ti=00:02:10 H=036963.3 Vy=-0200.7 Ac=001.6 Ae=000.0
Ti=00:02:20 H=034877.0 Vy=-0216.3 Ac=001.6 Ae=000.0
Ti=00:02:30 H=032634.7 Vy=-0232.0 Ac=001.6 Ae=000.0
Ti=00:02:40 H=030235.7 Vy=-0247.7 Ac=001.6 Ae=000.0
Ti=00:02:50 H=027679.7 Vy=-0263.4 Ac=001.6 Ae=000.0
Ti=00:03:00 H=024966.2 Vy=-0279.2 Ac=001.6 Ae=000.0
Ti=00:03:10 H=022094.9 Vy=-0295.0 Ac=001.6 Ae=000.0
Ti=00:03:20 H=019065.0 Vy=-0310.8 Ac=001.6 Ae=000.0
Ti=00:03:30 H=015876.1 Vy=-0326.8 Ac=001.6 Ae=000.0
Ti=00:03:40 H=012622.2 Vy=-0311.7 Ac=003.6 Ae=005.2
Ti=00:03:50 H=009687.5 Vy=-0275.5 Ac=003.7 Ae=005.3
Ti=00:04:00 H=007119.1 Vy=-0238.5 Ac=003.7 Ae=005.3
Ti=00:04:10 H=004924.5 Vy=-0200.7 Ac=003.8 Ae=005.4
Ti=00:04:20 H=003111.3 Vy=-0162.2 Ac=003.9 Ae=005.5
Ti=00:04:30 H=001687.4 Vy=-0122.8 Ac=004.0 Ae=005.6
Ti=00:04:40 H=000661.2 Vy=-0082.6 Ac=004.1 Ae=005.7
Ti=00:04:50 H=000041.4 Vy=-0041.6 Ac=004.2 Ae=005.8
LANDING Ti=00:04:51, V=37.58, Max.Acc=4.16, Te=10.0
